<?xml version="1.0" encoding="UTF-8"?>
<!-- Generated by org.testng.reporters.JUnitReportReporter -->
<testsuite hostname="NAYELIBAALAJI" failures="0" tests="1" name="testNGtest.childclass" time="0.009" errors="0" timestamp="2023-10-19T14:11:54 GST" skipped="0">
  <testcase classname="testNGtest.childclass" name="run" time="0.009"/>
  <system-out/>
</testsuite> <!-- testNGtest.childclass -->
