<?xml version="1.0" encoding="UTF-8"?>
<!-- Generated by org.testng.reporters.JUnitReportReporter -->
<testsuite hostname="NAYELIBAALAJI" failures="0" tests="1" name="testNGtest.javastreamlist" time="0.007" errors="0" timestamp="2023-10-20T18:23:48 GST" skipped="0">
  <testcase classname="testNGtest.javastreamlist" name="streamcollect" time="0.007"/>
  <system-out/>
</testsuite> <!-- testNGtest.javastreamlist -->
