<?xml version="1.0" encoding="UTF-8"?>
<!-- Generated by org.testng.reporters.JUnitReportReporter -->
<testsuite hostname="NAYELIBAALAJI" failures="0" tests="7" name="testNGtest.day4" time="0.019" errors="0" timestamp="2023-10-18T18:31:29 GST" skipped="0">
  <testcase classname="testNGtest.day4" name="weblogincar1" time="0.000"/>
  <system-out/>
  <testcase classname="testNGtest.day4" name="weblogincar" time="0.002"/>
  <system-out/>
  <testcase classname="testNGtest.day4" name="Mobilelogincar1" time="0.001"/>
  <system-out/>
  <testcase classname="testNGtest.day4" name="APIcar" time="0.007"/>
  <system-out/>
  <testcase classname="testNGtest.day4" name="weblogincar1" time="0.000"/>
  <system-out/>
  <testcase classname="testNGtest.day4" name="Mobilelogincar" time="0.008"/>
  <system-out/>
  <testcase classname="testNGtest.day4" name="weblogincar1" time="0.001"/>
  <system-out/>
</testsuite> <!-- testNGtest.day4 -->
