<?xml version="1.0" encoding="UTF-8"?>
<!-- Generated by org.testng.reporters.JUnitReportReporter -->
<testsuite hostname="NAYELIBAALAJI" failures="0" tests="2" name="testNGtest.day1" time="0.013" errors="0" timestamp="2023-10-18T18:31:29 GST" skipped="0">
  <testcase classname="testNGtest.day1" name="demo" time="0.011"/>
  <system-out/>
  <testcase classname="testNGtest.day1" name="demo2" time="0.002"/>
  <system-out/>
</testsuite> <!-- testNGtest.day1 -->
