<?xml version="1.0" encoding="UTF-8"?>
<!-- Generated by org.testng.reporters.JUnitReportReporter -->
<testsuite hostname="NAYELIBAALAJI" failures="0" tests="3" name="testNGtest.day3" time="0.007" errors="0" timestamp="2023-10-18T11:58:33 GST" skipped="1">
  <testcase classname="testNGtest.day3" name="MobileloginHome" time="0.006"/>
  <system-out/>
  <testcase classname="testNGtest.day3" name="APIhome" time="0.001"/>
  <system-out/>
  <testcase classname="testNGtest.day3" name="webloginHome">
    <skipped/>
  </testcase> <!-- webloginHome -->
  <system-out/>
</testsuite> <!-- testNGtest.day3 -->
